<?xml version="1.0" encoding="UTF-8"?>
<coverage generated="1729920965194" clover="3.2.0">
  <project timestamp="1729920965194" name="All files">
    <metrics statements="4" coveredstatements="4" conditionals="0" coveredconditionals="0" methods="1" coveredmethods="1" elements="5" coveredelements="5" complexity="0" loc="4" ncloc="4" packages="1" files="1" classes="1"/>
    <file name="completionProvider.ts" path="/Users/sschepis/Development/nomyx/pando/src/languageServer/providers/completionProvider.ts">
      <metrics statements="4" coveredstatements="4" conditionals="0" coveredconditionals="0" methods="1" coveredmethods="1"/>
      <line num="1" count="1" type="stmt"/>
      <line num="3" count="1" type="stmt"/>
      <line num="10" count="3" type="stmt"/>
      <line num="19" count="3" type="stmt"/>
    </file>
  </project>
</coverage>
