{"/Users/sschepis/Development/nomyx/pando/src/languageServer/providers/completionProvider.ts": {"path":"/Users/sschepis/Development/nomyx/pando/src/languageServer/providers/completionProvider.ts","statementMap":{"0":{"start":{"line":1,"column":0},"end":{"line":1,"column":33}},"1":{"start":{"line":10,"column":57},"end":{"line":17,"column":10}},"2":{"start":{"line":19,"column":8},"end":{"line":19,"column":31}},"3":{"start":{"line":3,"column":0},"end":{"line":3,"column":13}}},"fnMap":{"0":{"name":"(anonymous_6)","decl":{"start":{"line":4,"column":4},"end":{"line":4,"column":26}},"loc":{"start":{"line":8,"column":41},"end":{"line":20,"column":5}}}},"branchMap":{},"s":{"0":1,"1":3,"2":3,"3":1},"f":{"0":3},"b":{}}
}
